<?xml version="1.0" encoding="UTF-8"?>
<!-- Generated by org.testng.reporters.JUnitReportReporter -->
<testsuite hostname="cgvak-lt271" failures="0" tests="3" name="com.testng.seleinum.EndtoEndAutomationFramework.originalfile" time="14.766" errors="0" timestamp="30 Aug 2024 18:10:42 GMT" skipped="0">
  <testcase classname="com.testng.seleinum.EndtoEndAutomationFramework.originalfile" name="submittest" time="6.077"/>
  <testcase classname="com.testng.seleinum.EndtoEndAutomationFramework.originalfile" name="submittest" time="6.711"/>
  <testcase classname="com.testng.seleinum.EndtoEndAutomationFramework.originalfile" name="gotoorderpage" time="1.978"/>
</testsuite> <!-- com.testng.seleinum.EndtoEndAutomationFramework.originalfile -->
