<?xml version="1.0" encoding="UTF-8"?>
<!-- Generated by org.testng.reporters.JUnitReportReporter -->
<testsuite hostname="cgvak-lt271" failures="0" tests="1" name="com.testng.seleinum.EndtoEndAutomationFramework.errormessage" time="5.018" errors="0" timestamp="02 Sep 2024 14:17:42 GMT" skipped="0">
  <testcase classname="com.testng.seleinum.EndtoEndAutomationFramework.errormessage" name="errormessagetest" time="5.018"/>
</testsuite> <!-- com.testng.seleinum.EndtoEndAutomationFramework.errormessage -->
