<?xml version="1.0" encoding="UTF-8"?>
<!-- Generated by org.testng.reporters.JUnitReportReporter -->
<testsuite hostname="cgvak-lt271" failures="0" tests="3" name="com.testng.seleinum.EndtoEndAutomationFramework.originalfile" time="21.699" errors="0" timestamp="02 Sep 2024 14:17:42 GMT" skipped="0">
  <testcase classname="com.testng.seleinum.EndtoEndAutomationFramework.originalfile" name="gotoorderpage" time="3.844"/>
  <testcase classname="com.testng.seleinum.EndtoEndAutomationFramework.originalfile" name="submittest" time="9.389"/>
  <testcase classname="com.testng.seleinum.EndtoEndAutomationFramework.originalfile" name="submittest" time="8.466"/>
</testsuite> <!-- com.testng.seleinum.EndtoEndAutomationFramework.originalfile -->
